Log Validasi Pembersihan Teks
Waktu: 2025-06-07 01:21:25.539082

File            Original   Cleaned    Persen     Status
------------------------------------------------------------
case_001.txt    414816     341523     82.33    % ✅ OK
case_002.txt    295872     248103     83.85    % ✅ OK
case_003.txt    19827      16765      84.56    % ✅ OK
case_004.txt    16367      12519      76.49    % ⚠️ Kurang
case_005.txt    164173     134297     81.80    % ✅ OK
case_006.txt    141312     116362     82.34    % ✅ OK
case_007.txt    150147     121251     80.75    % ✅ OK
case_008.txt    168862     141288     83.67    % ✅ OK
case_009.txt    166574     139451     83.72    % ✅ OK
case_010.txt    211291     172119     81.46    % ✅ OK
case_011.txt    177030     143199     80.89    % ✅ OK
case_012.txt    21069      17047      80.91    % ✅ OK
case_013.txt    171186     140639     82.16    % ✅ OK
case_014.txt    173281     140242     80.93    % ✅ OK
case_015.txt    163779     132223     80.73    % ✅ OK
case_016.txt    163531     132457     81.00    % ✅ OK
case_017.txt    202821     166729     82.20    % ✅ OK
case_018.txt    373551     305229     81.71    % ✅ OK
case_019.txt    192474     161079     83.69    % ✅ OK
case_020.txt    119045     97409      81.83    % ✅ OK
case_021.txt    17771      14213      79.98    % ⚠️ Kurang
case_022.txt    120276     98536      81.92    % ✅ OK
case_023.txt    218902     175284     80.07    % ✅ OK
case_024.txt    345137     280465     81.26    % ✅ OK
case_025.txt    221043     180214     81.53    % ✅ OK
case_026.txt    254906     204847     80.36    % ✅ OK
case_027.txt    148186     121428     81.94    % ✅ OK
case_028.txt    176031     141469     80.37    % ✅ OK
case_029.txt    210430     172453     81.95    % ✅ OK
case_030.txt    160209     131602     82.14    % ✅ OK
case_031.txt    100457     83559      83.18    % ✅ OK
case_032.txt    389915     320911     82.30    % ✅ OK
case_033.txt    156328     131112     83.87    % ✅ OK
case_034.txt    161885     135099     83.45    % ✅ OK
case_035.txt    179369     148633     82.86    % ✅ OK
case_036.txt    321869     261923     81.38    % ✅ OK
case_037.txt    18970      15265      80.47    % ✅ OK
case_038.txt    384556     314046     81.66    % ✅ OK
case_039.txt    299305     245590     82.05    % ✅ OK
case_040.txt    259629     210807     81.20    % ✅ OK
case_041.txt    411611     335305     81.46    % ✅ OK
case_042.txt    281322     231168     82.17    % ✅ OK
case_043.txt    288953     240374     83.19    % ✅ OK
case_044.txt    256128     208994     81.60    % ✅ OK
case_045.txt    263401     215193     81.70    % ✅ OK
case_046.txt    285313     232819     81.60    % ✅ OK
case_047.txt    241368     195101     80.83    % ✅ OK
case_048.txt    296807     247682     83.45    % ✅ OK
case_049.txt    181511     150340     82.83    % ✅ OK
case_050.txt    195893     157929     80.62    % ✅ OK
case_051.txt    407039     335402     82.40    % ✅ OK
case_052.txt    174549     144321     82.68    % ✅ OK
case_053.txt    14792      11464      77.50    % ⚠️ Kurang
case_054.txt    15774      12187      77.26    % ⚠️ Kurang
case_055.txt    220758     170666     77.31    % ⚠️ Kurang
case_056.txt    121284     100993     83.27    % ✅ OK
case_057.txt    200826     167316     83.31    % ✅ OK
case_058.txt    16663      13064      78.40    % ⚠️ Kurang
case_059.txt    16018      12316      76.89    % ⚠️ Kurang
case_060.txt    302400     248811     82.28    % ✅ OK
case_061.txt    228166     183641     80.49    % ✅ OK
case_062.txt    518533     418963     80.80    % ✅ OK
case_063.txt    175710     139474     79.38    % ⚠️ Kurang
case_064.txt    366811     302441     82.45    % ✅ OK
case_065.txt    155441     127703     82.16    % ✅ OK
case_066.txt    228111     186777     81.88    % ✅ OK
case_067.txt    18146      14095      77.68    % ⚠️ Kurang
case_068.txt    1068482    879178     82.28    % ✅ OK
case_069.txt    13074      10149      77.63    % ⚠️ Kurang
case_070.txt    332284     275047     82.77    % ✅ OK
case_071.txt    186713     153607     82.27    % ✅ OK
case_072.txt    880873     714348     81.10    % ✅ OK
case_073.txt    15494      12031      77.65    % ⚠️ Kurang
case_074.txt    220606     180685     81.90    % ✅ OK
case_075.txt    160091     130937     81.79    % ✅ OK
case_076.txt    19057      15137      79.43    % ⚠️ Kurang
case_077.txt    271608     221801     81.66    % ✅ OK
case_078.txt    288705     234370     81.18    % ✅ OK
case_079.txt    18643      14445      77.48    % ⚠️ Kurang
case_080.txt    159961     130307     81.46    % ✅ OK
case_081.txt    183100     147489     80.55    % ✅ OK
case_082.txt    155441     127703     82.16    % ✅ OK
case_083.txt    228667     186105     81.39    % ✅ OK
case_084.txt    18986      15103      79.55    % ⚠️ Kurang
case_085.txt    72358      58738      81.18    % ✅ OK
case_086.txt    368401     298890     81.13    % ✅ OK
case_087.txt    231701     188557     81.38    % ✅ OK
case_088.txt    395876     325050     82.11    % ✅ OK
case_089.txt    172086     139759     81.21    % ✅ OK
case_090.txt    246670     201981     81.88    % ✅ OK
case_091.txt    1068621    879306     82.28    % ✅ OK
case_092.txt    185122     151570     81.88    % ✅ OK
case_093.txt    141837     116568     82.18    % ✅ OK
case_094.txt    868885     706510     81.31    % ✅ OK
case_095.txt    175710     139474     79.38    % ⚠️ Kurang
case_096.txt    332284     275047     82.77    % ✅ OK
case_097.txt    186713     153607     82.27    % ✅ OK
case_098.txt    147136     119301     81.08    % ✅ OK
case_099.txt    14517      11422      78.68    % ⚠️ Kurang
case_100.txt    397191     327934     82.56    % ✅ OK
case_101.txt    143921     117297     81.50    % ✅ OK
case_102.txt    283612     234493     82.68    % ✅ OK
case_103.txt    17374      13535      77.90    % ⚠️ Kurang
case_104.txt    702760     583042     82.96    % ✅ OK
case_105.txt    165097     135592     82.13    % ✅ OK
case_106.txt    15494      12031      77.65    % ⚠️ Kurang
case_107.txt    18374      14807      80.59    % ✅ OK
case_108.txt    68774      56024      81.46    % ✅ OK
case_109.txt    181485     150193     82.76    % ✅ OK
case_110.txt    239188     190974     79.84    % ⚠️ Kurang
case_111.txt    189767     156411     82.42    % ✅ OK
case_112.txt    16527      12989      78.59    % ⚠️ Kurang
case_113.txt    537837     441993     82.18    % ✅ OK
case_114.txt    203642     164907     80.98    % ✅ OK
case_115.txt    135813     112114     82.55    % ✅ OK
case_116.txt    232146     190227     81.94    % ✅ OK
case_117.txt    16548      12760      77.11    % ⚠️ Kurang
case_118.txt    35158      28692      81.61    % ✅ OK
case_119.txt    35158      28692      81.61    % ✅ OK
case_120.txt    35158      28692      81.61    % ✅ OK
case_121.txt    35158      28692      81.61    % ✅ OK
case_122.txt    58185      47744      82.06    % ✅ OK
case_123.txt    58185      47744      82.06    % ✅ OK
case_124.txt    58185      47744      82.06    % ✅ OK
case_125.txt    58185      47744      82.06    % ✅ OK
case_126.txt    32926      26910      81.73    % ✅ OK
case_127.txt    32926      26910      81.73    % ✅ OK
case_128.txt    32926      26910      81.73    % ✅ OK
case_129.txt    32926      26910      81.73    % ✅ OK
case_130.txt    30328      24878      82.03    % ✅ OK
case_131.txt    37852      30857      81.52    % ✅ OK
case_132.txt    37892      30939      81.65    % ✅ OK
case_133.txt    55553      45569      82.03    % ✅ OK
case_134.txt    44045      35930      81.58    % ✅ OK
case_135.txt    35971      29581      82.24    % ✅ OK
case_136.txt    99498      82514      82.93    % ✅ OK
case_137.txt    79861      65808      82.40    % ✅ OK
case_138.txt    158369     132000     83.35    % ✅ OK
